Cadence Genus(TM) Synthesis Solution.
Copyright 2022 Cadence Design Systems, Inc. All rights reserved worldwide.
Cadence and the Cadence logo are registered trademarks and Genus is a trademark
of Cadence Design Systems, Inc. in the United States and other countries.

[10:39:00.263529] Configured Lic search path (21.01-s002): 5280@192.168.6.10

Version: 21.14-s082_1, built Thu Jun 23 02:02:08 PDT 2022
Options: 
Date:    Fri Feb 28 10:39:00 2025
Host:    Cadence29 (x86_64 w/Linux 4.18.0-425.3.1.el8.x86_64) (6cores*12cpus*1physical cpu*Intel(R) Core(TM) i5-10500T CPU @ 2.30GHz 12288KB) (7655828KB)
PID:     19065
OS:      Red Hat Enterprise Linux release 8.7 (Ootpa)


[10:39:00.462650] Periodic Lic check successful
[10:39:00.462657] Feature usage summary:
[10:39:00.462658] Genus_Synthesis
Checking out license: Genus_Synthesis


***********************************************************************************************************
***********************************************************************************************************



Loading tool scripts...
Finished loading tool scripts (7 seconds elapsed).

WARNING: This version of the tool is 980 days old.
@genus:root: 1> read_libs /source/home/install/FOUNDRY/digital/90nm/dig/lib/slow.lib
Error   : File error. [FILE-100] [::legacy::set_attribute]
        : Cannot open file '/source/home/install/FOUNDRY/digital/90nm/dig/lib/slow.lib'. File not found.
        : Make sure that the file is a readable regular file and has the specified name.
Error   : A library file does not exist. [LBR-68] [::legacy::set_attribute]
        : File '/source/home/install/FOUNDRY/digital/90nm/dig/lib/slow.lib' could not be found. File '<none>' was the last file that was successfully read in.
        : Make sure that the library file exists or check for a typo in the file name.
Error   : The data value for this attribute is invalid. [TUI-24] [::legacy::set_attribute]
        : The value '  { /source/home/install/FOUNDRY/digital/90nm/dig/lib/slow.lib } ' cannot be set for attribute 'library'.
        : To see the usage/description for this attribute, type '::legacy::set_attribute -h <attr_name> *' (in legacy UI mode) or 'help * <attr_name> -detail' (in CUI mode).
1
@genus:root: 2> read_libs /home/install/FOUNDRY/digital/90nm/dig/lib/slow.lib

Threads Configured:3

  Message Summary for Library slow.lib:
  *************************************
  Missing a function attribute in the output pin definition. [LBR-518]: 1
  Missing library level attribute. [LBR-516]: 1
  *************************************
 
Info    : Created nominal operating condition. [LBR-412]
        : Operating condition '_nominal_' was created for the PVT values (1.000000, 0.900000, 125.000000) in library 'slow.lib'.
        : The nominal operating condition is represented, either by the nominal PVT values specified in the library source (via nom_process,nom_voltage and nom_temperature respectively), or by the default PVT values (1.0,1.0,1.0).
@genus:root: 3> read_hdl alu_32bit.v
@genus:root: 4> read_sdc constraints_top.sdc
Design not exist for read_sdc
@genus:root: 5> read_sdc constraint_top.sdc
Design not exist for read_sdc
@genus:root: 6> read_sdc constraint_top.sdc
Design not exist for read_sdc
